<?xml version="1.0" encoding="UTF-8"?>
<!-- Generated by org.testng.reporters.JUnitXMLReporter -->
<testsuite ignored="0" hostname="Vijay" failures="1" tests="1" name="End to end Framework Test" time="28.136" errors="0" timestamp="2023-12-23T12:34:22 IST">
  <testcase classname="org.Yosa.Appium_gsm.Yosa_Apk_tc_1" name="SignIn" time="9.306">
    <failure type="java.lang.AssertionError" message="expected:&amp;lt;&amp;gt; but was:&amp;lt;Please enter name&amp;gt;">
      <![CDATA[java.lang.AssertionError: expected:<> but was:<Please enter name>
at org.Yosa.Appium_gsm.Yosa_Apk_tc_1.SignIn(Yosa_Apk_tc_1.java:27)
at java.base/java.util.ArrayList.forEach(ArrayList.java:1511)
... Removed 27 stack frames]]>
    </failure>
  </testcase> <!-- SignIn -->
</testsuite> <!-- End to end Framework Test -->
