<?xml version="1.0" encoding="UTF-8"?>
<testng-results ignored="0" total="1" passed="0" failed="1" skipped="0">
  <reporter-output>
  </reporter-output>
  <suite started-at="2024-01-09T18:26:03 IST" name="Suite" finished-at="2024-01-09T18:26:36 IST" duration-ms="32450">
    <groups>
    </groups>
    <test started-at="2024-01-09T18:26:03 IST" name="End to end Framework Test" finished-at="2024-01-09T18:26:36 IST" duration-ms="32450">
      <class name="org.Yosa.Appium_gsm.Yosa_Apk_tc_1">
        <test-method is-config="true" signature="CofigureAppium()[pri:0, instance:org.Yosa.Appium_gsm.Yosa_Apk_tc_1@231f98ef]" started-at="2024-01-09T18:26:03 IST" name="CofigureAppium" finished-at="2024-01-09T18:26:18 IST" duration-ms="14860" status="PASS">
          <reporter-output>
          </reporter-output>
        </test-method> <!-- CofigureAppium -->
        <test-method signature="SignIn()[pri:0, instance:org.Yosa.Appium_gsm.Yosa_Apk_tc_1@231f98ef]" started-at="2024-01-09T18:26:18 IST" name="SignIn" finished-at="2024-01-09T18:26:28 IST" duration-ms="10053" status="FAIL">
          <exception class="java.lang.AssertionError">
            <message>
              <![CDATA[expected:<> but was:<Please enter name>]]>
            </message>
            <full-stacktrace>
              <![CDATA[java.lang.AssertionError: expected:<> but was:<Please enter name>
at org.testng.AssertJUnit.assertEquals(AssertJUnit.java:115)
at org.testng.AssertJUnit.assertEquals(AssertJUnit.java:125)
at org.Yosa.Appium_gsm.Yosa_Apk_tc_1.SignIn(Yosa_Apk_tc_1.java:27)
at java.base/jdk.internal.reflect.DirectMethodHandleAccessor.invoke(DirectMethodHandleAccessor.java:104)
at java.base/java.lang.reflect.Method.invoke(Method.java:578)
at org.testng.internal.invokers.MethodInvocationHelper.invokeMethod(MethodInvocationHelper.java:139)
at org.testng.internal.invokers.TestInvoker.invokeMethod(TestInvoker.java:677)
at org.testng.internal.invokers.TestInvoker.invokeTestMethod(TestInvoker.java:221)
at org.testng.internal.invokers.MethodRunner.runInSequence(MethodRunner.java:50)
at org.testng.internal.invokers.TestInvoker$MethodInvocationAgent.invoke(TestInvoker.java:969)
at org.testng.internal.invokers.TestInvoker.invokeTestMethods(TestInvoker.java:194)
at org.testng.internal.invokers.TestMethodWorker.invokeTestMethods(TestMethodWorker.java:148)
at org.testng.internal.invokers.TestMethodWorker.run(TestMethodWorker.java:128)
at java.base/java.util.ArrayList.forEach(ArrayList.java:1511)
at org.testng.TestRunner.privateRun(TestRunner.java:829)
at org.testng.TestRunner.run(TestRunner.java:602)
at org.testng.SuiteRunner.runTest(SuiteRunner.java:437)
at org.testng.SuiteRunner.runSequentially(SuiteRunner.java:431)
at org.testng.SuiteRunner.privateRun(SuiteRunner.java:391)
at org.testng.SuiteRunner.run(SuiteRunner.java:330)
at org.testng.SuiteRunnerWorker.runSuite(SuiteRunnerWorker.java:52)
at org.testng.SuiteRunnerWorker.run(SuiteRunnerWorker.java:95)
at org.testng.TestNG.runSuitesSequentially(TestNG.java:1256)
at org.testng.TestNG.runSuitesLocally(TestNG.java:1176)
at org.testng.TestNG.runSuites(TestNG.java:1099)
at org.testng.TestNG.run(TestNG.java:1067)
at org.apache.maven.surefire.testng.TestNGExecutor.run(TestNGExecutor.java:308)
at org.apache.maven.surefire.testng.TestNGXmlTestSuite.execute(TestNGXmlTestSuite.java:71)
at org.apache.maven.surefire.testng.TestNGProvider.invoke(TestNGProvider.java:113)
at org.apache.maven.surefire.booter.ForkedBooter.runSuitesInProcess(ForkedBooter.java:385)
at org.apache.maven.surefire.booter.ForkedBooter.execute(ForkedBooter.java:162)
at org.apache.maven.surefire.booter.ForkedBooter.run(ForkedBooter.java:507)
at org.apache.maven.surefire.booter.ForkedBooter.main(ForkedBooter.java:495)
]]>
            </full-stacktrace>
          </exception> <!-- java.lang.AssertionError -->
          <reporter-output>
          </reporter-output>
        </test-method> <!-- SignIn -->
        <test-method is-config="true" signature="tearDown()[pri:0, instance:org.Yosa.Appium_gsm.Yosa_Apk_tc_1@231f98ef]" started-at="2024-01-09T18:26:29 IST" name="tearDown" finished-at="2024-01-09T18:26:36 IST" duration-ms="6488" status="PASS">
          <reporter-output>
          </reporter-output>
        </test-method> <!-- tearDown -->
      </class> <!-- org.Yosa.Appium_gsm.Yosa_Apk_tc_1 -->
    </test> <!-- End to end Framework Test -->
  </suite> <!-- Suite -->
</testng-results>
